<?xml version="1.0" encoding="UTF-8"?>
<!-- Generated by org.testng.reporters.JUnitReportReporter -->
<testsuite hostname="INBANSJANAGON01" failures="0" tests="1" name="com.TestRunner.MyRunnerTest" time="0.015" errors="0" timestamp="08 Feb 2023 18:04:50 GMT" skipped="0">
  <testcase classname="com.TestRunner.MyRunnerTest" name="f" time="0.015"/>
</testsuite> <!-- com.TestRunner.MyRunnerTest -->
