<?xml version="1.0" encoding="UTF-8"?>
<!-- Generated by org.testng.reporters.JUnitReportReporter -->
<testsuite hostname="DESKTOP-40IJF3T" failures="0" tests="2" name="com.TestRunner.MyRunner" time="50.812" errors="0" timestamp="24 Feb 2023 10:47:49 GMT" skipped="0">
  <testcase classname="com.TestRunner.MyRunner" name="runScenario" time="25.075"/>
  <testcase classname="com.TestRunner.MyRunner" name="runScenario" time="25.737"/>
</testsuite> <!-- com.TestRunner.MyRunner -->
